<?xml version="1.0" encoding="UTF-8"?>
<!-- Generated by org.testng.reporters.JUnitReportReporter -->
<testsuite skipped="0" hostname="Myroslavas-MacBook-Pro.local" name="com.app.runners.CukesRunner" tests="1" failures="0" timestamp="29 Mar 2018 16:13:53 GMT" time="42.169" errors="0">
  <testcase name="runScenario" time="42.169" classname="com.app.runners.CukesRunner"/>
</testsuite> <!-- com.app.runners.CukesRunner -->
